c:\users\phaillyks\documents\github\st20278540-cis6015-prac1\x64\debug\vc143.pdb
c:\users\phaillyks\documents\github\st20278540-cis6015-prac1\x64\debug\vc143.idb
c:\users\phaillyks\documents\github\st20278540-cis6015-prac1\x64\debug\perlinnoise.obj
c:\users\phaillyks\documents\github\st20278540-cis6015-prac1\x64\debug\ctgaimg.obj
c:\users\phaillyks\documents\github\st20278540-cis6015-prac1\x64\debug\main.obj
c:\users\phaillyks\documents\github\st20278540-cis6015-prac1\x64\debug\lightfactory.obj
c:\users\phaillyks\documents\github\st20278540-cis6015-prac1\x64\debug\life.obj
c:\users\phaillyks\documents\github\st20278540-cis6015-prac1\x64\debug\icomputeshader.obj
c:\users\phaillyks\documents\github\st20278540-cis6015-prac1\x64\debug\gameobjectfactory.obj
c:\users\phaillyks\documents\github\st20278540-cis6015-prac1\x64\debug\gameobject.obj
c:\users\phaillyks\documents\github\st20278540-cis6015-prac1\x64\debug\game.obj
c:\users\phaillyks\documents\github\st20278540-cis6015-prac1\x64\debug\ctransform.obj
c:\users\phaillyks\documents\github\st20278540-cis6015-prac1\x64\debug\ccubemap.obj
c:\users\phaillyks\documents\github\st20278540-cis6015-prac1\x64\debug\cshader.obj
c:\users\phaillyks\documents\github\st20278540-cis6015-prac1\x64\debug\cscene.obj
c:\users\phaillyks\documents\github\st20278540-cis6015-prac1\x64\debug\computeshaderfactory.obj
c:\users\phaillyks\documents\github\st20278540-cis6015-prac1\x64\debug\cmesh.obj
c:\users\phaillyks\documents\github\st20278540-cis6015-prac1\x64\debug\clight.obj
c:\users\phaillyks\documents\github\st20278540-cis6015-prac1\x64\debug\checkerboard.obj
c:\users\phaillyks\documents\github\st20278540-cis6015-prac1\x64\debug\ccameralookat.obj
c:\users\phaillyks\documents\github\st20278540-cis6015-prac1\x64\debug\ccamera.obj
c:\users\phaillyks\documents\github\st20278540-cis6015-prac1\x64\debug\camerafactory.obj
c:\users\phaillyks\documents\github\st20278540-cis6015-prac1\x64\debug\player.obj
c:\users\phaillyks\documents\github\st20278540-cis6015-prac1\x64\debug\gt_2024.exe
c:\users\phaillyks\documents\github\st20278540-cis6015-prac1\x64\debug\gt_2024.ilk
c:\users\phaillyks\documents\github\st20278540-cis6015-prac1\x64\debug\gt_2024.pdb
c:\users\phaillyks\documents\github\st20278540-cis6015-prac1\x64\debug\playerobject.obj
c:\users\phaillyks\documents\github\st20278540-cis6015-prac1\x64\debug\gt_2024.tlog\cl.command.1.tlog
c:\users\phaillyks\documents\github\st20278540-cis6015-prac1\x64\debug\gt_2024.tlog\cl.items.tlog
c:\users\phaillyks\documents\github\st20278540-cis6015-prac1\x64\debug\gt_2024.tlog\cl.read.1.tlog
c:\users\phaillyks\documents\github\st20278540-cis6015-prac1\x64\debug\gt_2024.tlog\cl.write.1.tlog
c:\users\phaillyks\documents\github\st20278540-cis6015-prac1\x64\debug\gt_2024.tlog\link.command.1.tlog
c:\users\phaillyks\documents\github\st20278540-cis6015-prac1\x64\debug\gt_2024.tlog\link.read.1.tlog
c:\users\phaillyks\documents\github\st20278540-cis6015-prac1\x64\debug\gt_2024.tlog\link.write.1.tlog
